0 info it worked if it ends with ok
1 verbose cli [ 'C:\\Program Files\\nodejs\\node.exe',
1 verbose cli   'C:\\Program Files\\nodejs\\node_modules\\npm\\bin\\npm-cli.js',
1 verbose cli   'run',
1 verbose cli   'compile' ]
2 info using npm@3.10.8
3 info using node@v6.9.1
4 verbose run-script [ 'precompile', 'compile', 'postcompile' ]
5 info lifecycle language-server-example@0.0.1~precompile: language-server-example@0.0.1
6 silly lifecycle language-server-example@0.0.1~precompile: no script for precompile, continuing
7 info lifecycle language-server-example@0.0.1~compile: language-server-example@0.0.1
8 verbose lifecycle language-server-example@0.0.1~compile: unsafe-perm in lifecycle true
9 verbose lifecycle language-server-example@0.0.1~compile: PATH: C:\Program Files\nodejs\node_modules\npm\bin\node-gyp-bin;F:\github\clojure-language-server\server\node_modules\.bin;E:\tools\python27\;E:\tools\python27\Scripts;C:\ProgramData\Oracle\Java\javapath;C:\Program Files (x86)\NVIDIA Corporation\PhysX\Common;C:\Program Files (x86)\Intel\iCLS Client\;C:\Program Files\Intel\iCLS Client\;C:\windows\system32;C:\windows;C:\windows\System32\Wbem;C:\windows\System32\WindowsPowerShell\v1.0\;C:\Program Files\Intel\Intel(R) Management Engine Components\DAL;C:\Program Files\Intel\Intel(R) Management Engine Components\IPT;C:\Program Files (x86)\Intel\Intel(R) Management Engine Components\DAL;C:\Program Files (x86)\Intel\Intel(R) Management Engine Components\IPT;C:\Program Files\Samsung\AllShare Framework DMS\1.3.23\;C:\Program Files\Samsung\AllShare Framework DMS\1.3.23\64bit\;C:\Program Files (x86)\iFLYTEK\VoiceAssistant\SpeechPlusRuntime;C:\Program Files\TortoiseSVN\bin;C:\Program Files (x86)\MySQL\MySQL Server 5.6\bin;D:\Program Files (x86)\adk\adt20140702\sdk\tools;D:\Program Files (x86)\adk\adt20140702\sdk\platform-tools;C:\Program Files\Intel\WiFi\bin\;C:\Program Files\Common Files\Intel\WirelessCommon\;C:\Program Files (x86)\CloudFoundry;C:\Program Files\Rust stable GNU 1.8\bin;C:\Go\bin;C:\Program Files\nodejs\;d:\Git\cmd;d:\Git\mingw64\bin;d:\Git\usr\bin;C:\Program Files\Java\jdk1.8.0_40\bin;C:\Windows\Microsoft.NET\Framework64\v3.5;D:\Program Files (x86)\goagent-3.0\local;D:\Program Files (x86)\ant\apache-ant-1.9.4\bin;C:\Program Files\MongoDB\Server\3.0\bin;D:\Program Files (x86)\apache-maven-3.3.3\bin;D:\Program Files (x86)\lein;C:\Program Files (x86)\Nmap;C:\Users\John\AppData\Roaming\npm;D:\Julia-0.5.0\bin;C:\Program Files\Microsoft VS Code\bin
10 verbose lifecycle language-server-example@0.0.1~compile: CWD: F:\github\clojure-language-server\server
11 silly lifecycle language-server-example@0.0.1~compile: Args: [ '/d /s /c',
11 silly lifecycle   'installServerIntoExtension ../client ./package.json ./tsconfig.json && tsc -p .' ]
12 silly lifecycle language-server-example@0.0.1~compile: Returned: code: 1  signal: null
13 info lifecycle language-server-example@0.0.1~compile: Failed to exec compile script
14 verbose stack Error: language-server-example@0.0.1 compile: `installServerIntoExtension ../client ./package.json ./tsconfig.json && tsc -p .`
14 verbose stack Exit status 1
14 verbose stack     at EventEmitter.<anonymous> (C:\Program Files\nodejs\node_modules\npm\lib\utils\lifecycle.js:255:16)
14 verbose stack     at emitTwo (events.js:106:13)
14 verbose stack     at EventEmitter.emit (events.js:191:7)
14 verbose stack     at ChildProcess.<anonymous> (C:\Program Files\nodejs\node_modules\npm\lib\utils\spawn.js:40:14)
14 verbose stack     at emitTwo (events.js:106:13)
14 verbose stack     at ChildProcess.emit (events.js:191:7)
14 verbose stack     at maybeClose (internal/child_process.js:877:16)
14 verbose stack     at Process.ChildProcess._handle.onexit (internal/child_process.js:226:5)
15 verbose pkgid language-server-example@0.0.1
16 verbose cwd F:\github\clojure-language-server\server
17 error Windows_NT 6.3.9600
18 error argv "C:\\Program Files\\nodejs\\node.exe" "C:\\Program Files\\nodejs\\node_modules\\npm\\bin\\npm-cli.js" "run" "compile"
19 error node v6.9.1
20 error npm  v3.10.8
21 error code ELIFECYCLE
22 error language-server-example@0.0.1 compile: `installServerIntoExtension ../client ./package.json ./tsconfig.json && tsc -p .`
22 error Exit status 1
23 error Failed at the language-server-example@0.0.1 compile script 'installServerIntoExtension ../client ./package.json ./tsconfig.json && tsc -p .'.
23 error Make sure you have the latest version of node.js and npm installed.
23 error If you do, this is most likely a problem with the language-server-example package,
23 error not with npm itself.
23 error Tell the author that this fails on your system:
23 error     installServerIntoExtension ../client ./package.json ./tsconfig.json && tsc -p .
23 error You can get information on how to open an issue for this project with:
23 error     npm bugs language-server-example
23 error Or if that isn't available, you can get their info via:
23 error     npm owner ls language-server-example
23 error There is likely additional logging output above.
24 verbose exit [ 1, true ]
